{"C:\\Users\\USUARIO\\Documents\\TdeA\\Electiva 2\\FlashDate\\src\\application\\services\\AuthService.js": {"path":"C:\\Users\\USUARIO\\Documents\\TdeA\\Electiva 2\\FlashDate\\src\\application\\services\\AuthService.js","statementMap":{"0":{"start":{"line":1,"column":15},"end":{"line":1,"column":34}},"1":{"start":{"line":2,"column":12},"end":{"line":2,"column":35}},"2":{"start":{"line":6,"column":8},"end":{"line":6,"column":45}},"3":{"start":{"line":10,"column":26},"end":{"line":10,"column":70}},"4":{"start":{"line":11,"column":8},"end":{"line":13,"column":9}},"5":{"start":{"line":12,"column":12},"end":{"line":12,"column":46}},"6":{"start":{"line":15,"column":24},"end":{"line":15,"column":74}},"7":{"start":{"line":16,"column":8},"end":{"line":18,"column":9}},"8":{"start":{"line":17,"column":12},"end":{"line":17,"column":51}},"9":{"start":{"line":20,"column":22},"end":{"line":24,"column":9}},"10":{"start":{"line":26,"column":8},"end":{"line":34,"column":10}},"11":{"start":{"line":38,"column":0},"end":{"line":38,"column":29}}},"fnMap":{"0":{"name":"(anonymous_0)","decl":{"start":{"line":5,"column":4},"end":{"line":5,"column":5}},"loc":{"start":{"line":5,"column":31},"end":{"line":7,"column":5}},"line":5},"1":{"name":"(anonymous_1)","decl":{"start":{"line":9,"column":4},"end":{"line":9,"column":5}},"loc":{"start":{"line":9,"column":32},"end":{"line":35,"column":5}},"line":9}},"branchMap":{"0":{"loc":{"start":{"line":11,"column":8},"end":{"line":13,"column":9}},"type":"if","locations":[{"start":{"line":11,"column":8},"end":{"line":13,"column":9}},{"start":{},"end":{}}],"line":11},"1":{"loc":{"start":{"line":16,"column":8},"end":{"line":18,"column":9}},"type":"if","locations":[{"start":{"line":16,"column":8},"end":{"line":18,"column":9}},{"start":{},"end":{}}],"line":16}},"s":{"0":1,"1":1,"2":1,"3":2,"4":2,"5":0,"6":2,"7":2,"8":1,"9":1,"10":1,"11":1},"f":{"0":1,"1":2},"b":{"0":[0,2],"1":[1,1]},"_coverageSchema":"1a1c01bbd47fc00a2c39e90264f33305004495a9","hash":"288cba2f26843003645848688aace7c2c8428886"}
,"C:\\Users\\USUARIO\\Documents\\TdeA\\Electiva 2\\FlashDate\\src\\application\\services\\MessageService.js": {"path":"C:\\Users\\USUARIO\\Documents\\TdeA\\Electiva 2\\FlashDate\\src\\application\\services\\MessageService.js","statementMap":{"0":{"start":{"line":3,"column":8},"end":{"line":3,"column":51}},"1":{"start":{"line":7,"column":8},"end":{"line":7,"column":62}},"2":{"start":{"line":11,"column":8},"end":{"line":11,"column":70}},"3":{"start":{"line":15,"column":0},"end":{"line":15,"column":32}}},"fnMap":{"0":{"name":"(anonymous_0)","decl":{"start":{"line":2,"column":4},"end":{"line":2,"column":5}},"loc":{"start":{"line":2,"column":35},"end":{"line":4,"column":5}},"line":2},"1":{"name":"(anonymous_1)","decl":{"start":{"line":6,"column":4},"end":{"line":6,"column":5}},"loc":{"start":{"line":6,"column":28},"end":{"line":8,"column":5}},"line":6},"2":{"name":"(anonymous_2)","decl":{"start":{"line":10,"column":4},"end":{"line":10,"column":5}},"loc":{"start":{"line":10,"column":30},"end":{"line":12,"column":5}},"line":10}},"branchMap":{},"s":{"0":1,"1":1,"2":1,"3":1},"f":{"0":1,"1":1,"2":1},"b":{},"_coverageSchema":"1a1c01bbd47fc00a2c39e90264f33305004495a9","hash":"b05afe8e095d648c00a96b0fbbc3e3d96abb54c6"}
,"C:\\Users\\USUARIO\\Documents\\TdeA\\Electiva 2\\FlashDate\\src\\application\\services\\SwipeService.js": {"path":"C:\\Users\\USUARIO\\Documents\\TdeA\\Electiva 2\\FlashDate\\src\\application\\services\\SwipeService.js","statementMap":{"0":{"start":{"line":3,"column":8},"end":{"line":3,"column":47}},"1":{"start":{"line":4,"column":8},"end":{"line":4,"column":47}},"2":{"start":{"line":8,"column":8},"end":{"line":8,"column":79}},"3":{"start":{"line":10,"column":8},"end":{"line":16,"column":9}},"4":{"start":{"line":11,"column":29},"end":{"line":11,"column":94}},"5":{"start":{"line":12,"column":12},"end":{"line":15,"column":13}},"6":{"start":{"line":13,"column":30},"end":{"line":13,"column":90}},"7":{"start":{"line":14,"column":16},"end":{"line":14,"column":59}},"8":{"start":{"line":18,"column":8},"end":{"line":18,"column":32}},"9":{"start":{"line":22,"column":8},"end":{"line":22,"column":67}},"10":{"start":{"line":26,"column":0},"end":{"line":26,"column":30}}},"fnMap":{"0":{"name":"(anonymous_0)","decl":{"start":{"line":2,"column":4},"end":{"line":2,"column":5}},"loc":{"start":{"line":2,"column":50},"end":{"line":5,"column":5}},"line":2},"1":{"name":"(anonymous_1)","decl":{"start":{"line":7,"column":4},"end":{"line":7,"column":5}},"loc":{"start":{"line":7,"column":52},"end":{"line":19,"column":5}},"line":7},"2":{"name":"(anonymous_2)","decl":{"start":{"line":21,"column":4},"end":{"line":21,"column":5}},"loc":{"start":{"line":21,"column":29},"end":{"line":23,"column":5}},"line":21}},"branchMap":{"0":{"loc":{"start":{"line":10,"column":8},"end":{"line":16,"column":9}},"type":"if","locations":[{"start":{"line":10,"column":8},"end":{"line":16,"column":9}},{"start":{},"end":{}}],"line":10},"1":{"loc":{"start":{"line":12,"column":12},"end":{"line":15,"column":13}},"type":"if","locations":[{"start":{"line":12,"column":12},"end":{"line":15,"column":13}},{"start":{},"end":{}}],"line":12}},"s":{"0":1,"1":1,"2":1,"3":1,"4":1,"5":1,"6":1,"7":1,"8":0,"9":0,"10":1},"f":{"0":1,"1":1,"2":0},"b":{"0":[1,0],"1":[1,0]},"_coverageSchema":"1a1c01bbd47fc00a2c39e90264f33305004495a9","hash":"be068df48064d47530c31e9b6ffe2491649c0a38"}
,"C:\\Users\\USUARIO\\Documents\\TdeA\\Electiva 2\\FlashDate\\src\\application\\services\\UserService.js": {"path":"C:\\Users\\USUARIO\\Documents\\TdeA\\Electiva 2\\FlashDate\\src\\application\\services\\UserService.js","statementMap":{"0":{"start":{"line":1,"column":23},"end":{"line":1,"column":81}},"1":{"start":{"line":2,"column":15},"end":{"line":2,"column":34}},"2":{"start":{"line":6,"column":8},"end":{"line":6,"column":45}},"3":{"start":{"line":10,"column":31},"end":{"line":10,"column":71}},"4":{"start":{"line":11,"column":8},"end":{"line":11,"column":43}},"5":{"start":{"line":13,"column":8},"end":{"line":13,"column":56}},"6":{"start":{"line":17,"column":8},"end":{"line":17,"column":54}},"7":{"start":{"line":21,"column":8},"end":{"line":21,"column":51}},"8":{"start":{"line":25,"column":8},"end":{"line":25,"column":54}},"9":{"start":{"line":29,"column":0},"end":{"line":29,"column":29}}},"fnMap":{"0":{"name":"(anonymous_0)","decl":{"start":{"line":5,"column":4},"end":{"line":5,"column":5}},"loc":{"start":{"line":5,"column":32},"end":{"line":7,"column":5}},"line":5},"1":{"name":"(anonymous_1)","decl":{"start":{"line":9,"column":4},"end":{"line":9,"column":5}},"loc":{"start":{"line":9,"column":33},"end":{"line":14,"column":5}},"line":9},"2":{"name":"(anonymous_2)","decl":{"start":{"line":16,"column":4},"end":{"line":16,"column":5}},"loc":{"start":{"line":16,"column":22},"end":{"line":18,"column":5}},"line":16},"3":{"name":"(anonymous_3)","decl":{"start":{"line":20,"column":4},"end":{"line":20,"column":5}},"loc":{"start":{"line":20,"column":23},"end":{"line":22,"column":5}},"line":20},"4":{"name":"(anonymous_4)","decl":{"start":{"line":24,"column":4},"end":{"line":24,"column":5}},"loc":{"start":{"line":24,"column":24},"end":{"line":26,"column":5}},"line":24}},"branchMap":{},"s":{"0":2,"1":2,"2":2,"3":1,"4":1,"5":1,"6":0,"7":0,"8":0,"9":2},"f":{"0":2,"1":1,"2":0,"3":0,"4":0},"b":{},"_coverageSchema":"1a1c01bbd47fc00a2c39e90264f33305004495a9","hash":"792bb6e2941824e53ffde7f30cdc46abea4bfbfd"}
,"C:\\Users\\USUARIO\\Documents\\TdeA\\Electiva 2\\FlashDate\\src\\domain\\repositories\\IUserRepoitory.js": {"path":"C:\\Users\\USUARIO\\Documents\\TdeA\\Electiva 2\\FlashDate\\src\\domain\\repositories\\IUserRepoitory.js","statementMap":{"0":{"start":{"line":3,"column":8},"end":{"line":3,"column":57}},"1":{"start":{"line":7,"column":8},"end":{"line":7,"column":59}},"2":{"start":{"line":11,"column":8},"end":{"line":11,"column":61}},"3":{"start":{"line":15,"column":8},"end":{"line":15,"column":63}},"4":{"start":{"line":19,"column":0},"end":{"line":19,"column":33}}},"fnMap":{"0":{"name":"(anonymous_0)","decl":{"start":{"line":2,"column":4},"end":{"line":2,"column":5}},"loc":{"start":{"line":2,"column":21},"end":{"line":4,"column":5}},"line":2},"1":{"name":"(anonymous_1)","decl":{"start":{"line":6,"column":4},"end":{"line":6,"column":5}},"loc":{"start":{"line":6,"column":19},"end":{"line":8,"column":5}},"line":6},"2":{"name":"(anonymous_2)","decl":{"start":{"line":10,"column":4},"end":{"line":10,"column":5}},"loc":{"start":{"line":10,"column":23},"end":{"line":12,"column":5}},"line":10},"3":{"name":"(anonymous_3)","decl":{"start":{"line":14,"column":4},"end":{"line":14,"column":5}},"loc":{"start":{"line":14,"column":25},"end":{"line":16,"column":5}},"line":14}},"branchMap":{},"s":{"0":0,"1":0,"2":0,"3":0,"4":2},"f":{"0":0,"1":0,"2":0,"3":0},"b":{},"_coverageSchema":"1a1c01bbd47fc00a2c39e90264f33305004495a9","hash":"77ed8407cf8306e7a1e866dc1fe979629f4d93b3"}
,"C:\\Users\\USUARIO\\Documents\\TdeA\\Electiva 2\\FlashDate\\src\\infrastructure\\http\\controllers\\UserController.js": {"path":"C:\\Users\\USUARIO\\Documents\\TdeA\\Electiva 2\\FlashDate\\src\\infrastructure\\http\\controllers\\UserController.js","statementMap":{"0":{"start":{"line":1,"column":17},"end":{"line":1,"column":39}},"1":{"start":{"line":5,"column":8},"end":{"line":5,"column":39}},"2":{"start":{"line":9,"column":8},"end":{"line":20,"column":9}},"3":{"start":{"line":10,"column":29},"end":{"line":10,"column":37}},"4":{"start":{"line":12,"column":12},"end":{"line":14,"column":13}},"5":{"start":{"line":13,"column":16},"end":{"line":13,"column":108}},"6":{"start":{"line":16,"column":25},"end":{"line":16,"column":70}},"7":{"start":{"line":17,"column":12},"end":{"line":17,"column":39}},"8":{"start":{"line":19,"column":12},"end":{"line":19,"column":59}},"9":{"start":{"line":24,"column":8},"end":{"line":29,"column":9}},"10":{"start":{"line":25,"column":26},"end":{"line":25,"column":62}},"11":{"start":{"line":26,"column":12},"end":{"line":26,"column":28}},"12":{"start":{"line":28,"column":12},"end":{"line":28,"column":58}},"13":{"start":{"line":33,"column":8},"end":{"line":39,"column":9}},"14":{"start":{"line":34,"column":25},"end":{"line":34,"column":70}},"15":{"start":{"line":35,"column":12},"end":{"line":35,"column":79}},"16":{"start":{"line":35,"column":22},"end":{"line":35,"column":79}},"17":{"start":{"line":36,"column":12},"end":{"line":36,"column":27}},"18":{"start":{"line":38,"column":12},"end":{"line":38,"column":57}},"19":{"start":{"line":43,"column":8},"end":{"line":49,"column":9}},"20":{"start":{"line":44,"column":32},"end":{"line":44,"column":80}},"21":{"start":{"line":45,"column":12},"end":{"line":45,"column":86}},"22":{"start":{"line":45,"column":29},"end":{"line":45,"column":86}},"23":{"start":{"line":46,"column":12},"end":{"line":46,"column":61}},"24":{"start":{"line":48,"column":12},"end":{"line":48,"column":57}},"25":{"start":{"line":53,"column":0},"end":{"line":53,"column":32}}},"fnMap":{"0":{"name":"(anonymous_0)","decl":{"start":{"line":4,"column":4},"end":{"line":4,"column":5}},"loc":{"start":{"line":4,"column":28},"end":{"line":6,"column":5}},"line":4},"1":{"name":"(anonymous_1)","decl":{"start":{"line":8,"column":4},"end":{"line":8,"column":5}},"loc":{"start":{"line":8,"column":29},"end":{"line":21,"column":5}},"line":8},"2":{"name":"(anonymous_2)","decl":{"start":{"line":23,"column":4},"end":{"line":23,"column":5}},"loc":{"start":{"line":23,"column":26},"end":{"line":30,"column":5}},"line":23},"3":{"name":"(anonymous_3)","decl":{"start":{"line":32,"column":4},"end":{"line":32,"column":5}},"loc":{"start":{"line":32,"column":31},"end":{"line":40,"column":5}},"line":32},"4":{"name":"(anonymous_4)","decl":{"start":{"line":42,"column":4},"end":{"line":42,"column":5}},"loc":{"start":{"line":42,"column":30},"end":{"line":50,"column":5}},"line":42}},"branchMap":{"0":{"loc":{"start":{"line":12,"column":12},"end":{"line":14,"column":13}},"type":"if","locations":[{"start":{"line":12,"column":12},"end":{"line":14,"column":13}},{"start":{},"end":{}}],"line":12},"1":{"loc":{"start":{"line":35,"column":12},"end":{"line":35,"column":79}},"type":"if","locations":[{"start":{"line":35,"column":12},"end":{"line":35,"column":79}},{"start":{},"end":{}}],"line":35},"2":{"loc":{"start":{"line":45,"column":12},"end":{"line":45,"column":86}},"type":"if","locations":[{"start":{"line":45,"column":12},"end":{"line":45,"column":86}},{"start":{},"end":{}}],"line":45}},"s":{"0":1,"1":1,"2":0,"3":0,"4":0,"5":0,"6":0,"7":0,"8":0,"9":0,"10":0,"11":0,"12":0,"13":0,"14":0,"15":0,"16":0,"17":0,"18":0,"19":0,"20":0,"21":0,"22":0,"23":0,"24":0,"25":1},"f":{"0":1,"1":0,"2":0,"3":0,"4":0},"b":{"0":[0,0],"1":[0,0],"2":[0,0]},"_coverageSchema":"1a1c01bbd47fc00a2c39e90264f33305004495a9","hash":"09423748fa84164d589c159d95d90b08738321ae"}
,"C:\\Users\\USUARIO\\Documents\\TdeA\\Electiva 2\\FlashDate\\src\\infrastructure\\http\\middleware\\rulesMiddleware.js": {"path":"C:\\Users\\USUARIO\\Documents\\TdeA\\Electiva 2\\FlashDate\\src\\infrastructure\\http\\middleware\\rulesMiddleware.js","statementMap":{"0":{"start":{"line":1,"column":31},"end":{"line":1,"column":59}},"1":{"start":{"line":2,"column":29},"end":{"line":2,"column":57}},"2":{"start":{"line":4,"column":21},"end":{"line":6,"column":1}},"3":{"start":{"line":8,"column":24},"end":{"line":12,"column":1}},"4":{"start":{"line":14,"column":25},"end":{"line":16,"column":1}},"5":{"start":{"line":18,"column":24},"end":{"line":20,"column":1}},"6":{"start":{"line":22,"column":19},"end":{"line":25,"column":1}},"7":{"start":{"line":27,"column":22},"end":{"line":31,"column":1}},"8":{"start":{"line":33,"column":16},"end":{"line":42,"column":1}},"9":{"start":{"line":34,"column":19},"end":{"line":34,"column":40}},"10":{"start":{"line":35,"column":4},"end":{"line":41,"column":5}},"11":{"start":{"line":36,"column":8},"end":{"line":38,"column":10}},"12":{"start":{"line":40,"column":8},"end":{"line":40,"column":15}},"13":{"start":{"line":44,"column":28},"end":{"line":46,"column":1}},"14":{"start":{"line":48,"column":20},"end":{"line":50,"column":1}},"15":{"start":{"line":52,"column":25},"end":{"line":54,"column":3}},"16":{"start":{"line":56,"column":0},"end":{"line":65,"column":35}}},"fnMap":{"0":{"name":"(anonymous_0)","decl":{"start":{"line":33,"column":16},"end":{"line":33,"column":17}},"loc":{"start":{"line":33,"column":36},"end":{"line":42,"column":1}},"line":33}},"branchMap":{"0":{"loc":{"start":{"line":35,"column":4},"end":{"line":41,"column":5}},"type":"if","locations":[{"start":{"line":35,"column":4},"end":{"line":41,"column":5}},{"start":{"line":39,"column":10},"end":{"line":41,"column":5}}],"line":35}},"s":{"0":1,"1":1,"2":1,"3":1,"4":1,"5":1,"6":1,"7":1,"8":1,"9":1,"10":1,"11":1,"12":0,"13":1,"14":1,"15":1,"16":1},"f":{"0":1},"b":{"0":[1,0]},"_coverageSchema":"1a1c01bbd47fc00a2c39e90264f33305004495a9","hash":"2359929b0b1fe3d34c3cabd6c7197f4abd64c127"}
,"C:\\Users\\USUARIO\\Documents\\TdeA\\Electiva 2\\FlashDate\\src\\infrastructure\\http\\middleware\\uploadMiddleware.js": {"path":"C:\\Users\\USUARIO\\Documents\\TdeA\\Electiva 2\\FlashDate\\src\\infrastructure\\http\\middleware\\uploadMiddleware.js","statementMap":{"0":{"start":{"line":1,"column":15},"end":{"line":1,"column":32}},"1":{"start":{"line":2,"column":13},"end":{"line":2,"column":28}},"2":{"start":{"line":5,"column":16},"end":{"line":14,"column":2}},"3":{"start":{"line":7,"column":4},"end":{"line":7,"column":25}},"4":{"start":{"line":10,"column":25},"end":{"line":10,"column":75}},"5":{"start":{"line":11,"column":16},"end":{"line":11,"column":47}},"6":{"start":{"line":12,"column":4},"end":{"line":12,"column":56}},"7":{"start":{"line":16,"column":15},"end":{"line":16,"column":34}},"8":{"start":{"line":18,"column":0},"end":{"line":18,"column":24}}},"fnMap":{"0":{"name":"(anonymous_0)","decl":{"start":{"line":6,"column":15},"end":{"line":6,"column":16}},"loc":{"start":{"line":6,"column":40},"end":{"line":8,"column":3}},"line":6},"1":{"name":"(anonymous_1)","decl":{"start":{"line":9,"column":12},"end":{"line":9,"column":13}},"loc":{"start":{"line":9,"column":37},"end":{"line":13,"column":3}},"line":9}},"branchMap":{},"s":{"0":1,"1":1,"2":1,"3":0,"4":0,"5":0,"6":0,"7":1,"8":1},"f":{"0":0,"1":0},"b":{},"_coverageSchema":"1a1c01bbd47fc00a2c39e90264f33305004495a9","hash":"7a5e31b193f858c6788ff6babec0f47fa228f0d7"}
,"C:\\Users\\USUARIO\\Documents\\TdeA\\Electiva 2\\FlashDate\\src\\infrastructure\\http\\routes\\UserRoutes.js": {"path":"C:\\Users\\USUARIO\\Documents\\TdeA\\Electiva 2\\FlashDate\\src\\infrastructure\\http\\routes\\UserRoutes.js","statementMap":{"0":{"start":{"line":81,"column":16},"end":{"line":81,"column":34}},"1":{"start":{"line":82,"column":15},"end":{"line":82,"column":31}},"2":{"start":{"line":83,"column":23},"end":{"line":83,"column":63}},"3":{"start":{"line":84,"column":23},"end":{"line":84,"column":66}},"4":{"start":{"line":85,"column":20},"end":{"line":85,"column":72}},"5":{"start":{"line":86,"column":67},"end":{"line":86,"column":107}},"6":{"start":{"line":88,"column":11},"end":{"line":88,"column":13}},"7":{"start":{"line":89,"column":23},"end":{"line":89,"column":45}},"8":{"start":{"line":90,"column":20},"end":{"line":90,"column":51}},"9":{"start":{"line":91,"column":23},"end":{"line":91,"column":54}},"10":{"start":{"line":93,"column":15},"end":{"line":93,"column":56}},"11":{"start":{"line":95,"column":0},"end":{"line":101,"column":2}},"12":{"start":{"line":100,"column":16},"end":{"line":100,"column":49}},"13":{"start":{"line":103,"column":0},"end":{"line":103,"column":63}},"14":{"start":{"line":103,"column":30},"end":{"line":103,"column":61}},"15":{"start":{"line":104,"column":0},"end":{"line":104,"column":84}},"16":{"start":{"line":104,"column":46},"end":{"line":104,"column":82}},"17":{"start":{"line":105,"column":0},"end":{"line":105,"column":110}},"18":{"start":{"line":105,"column":73},"end":{"line":105,"column":108}},"19":{"start":{"line":107,"column":0},"end":{"line":107,"column":24}}},"fnMap":{"0":{"name":"(anonymous_0)","decl":{"start":{"line":100,"column":2},"end":{"line":100,"column":3}},"loc":{"start":{"line":100,"column":16},"end":{"line":100,"column":49}},"line":100},"1":{"name":"(anonymous_1)","decl":{"start":{"line":103,"column":16},"end":{"line":103,"column":17}},"loc":{"start":{"line":103,"column":30},"end":{"line":103,"column":61}},"line":103},"2":{"name":"(anonymous_2)","decl":{"start":{"line":104,"column":32},"end":{"line":104,"column":33}},"loc":{"start":{"line":104,"column":46},"end":{"line":104,"column":82}},"line":104},"3":{"name":"(anonymous_3)","decl":{"start":{"line":105,"column":59},"end":{"line":105,"column":60}},"loc":{"start":{"line":105,"column":73},"end":{"line":105,"column":108}},"line":105}},"branchMap":{},"s":{"0":1,"1":1,"2":1,"3":1,"4":1,"5":1,"6":1,"7":1,"8":1,"9":1,"10":1,"11":1,"12":0,"13":1,"14":0,"15":1,"16":0,"17":1,"18":0,"19":1},"f":{"0":0,"1":0,"2":0,"3":0},"b":{},"_coverageSchema":"1a1c01bbd47fc00a2c39e90264f33305004495a9","hash":"5cc46912f2ae540f37e442c610a433d7795a0d6f"}
,"C:\\Users\\USUARIO\\Documents\\TdeA\\Electiva 2\\FlashDate\\src\\infrastructure\\persistence\\UserRepository.js": {"path":"C:\\Users\\USUARIO\\Documents\\TdeA\\Electiva 2\\FlashDate\\src\\infrastructure\\persistence\\UserRepository.js","statementMap":{"0":{"start":{"line":1,"column":24},"end":{"line":1,"column":75}},"1":{"start":{"line":2,"column":18},"end":{"line":2,"column":46}},"2":{"start":{"line":6,"column":8},"end":{"line":6,"column":52}},"3":{"start":{"line":7,"column":24},"end":{"line":7,"column":43}},"4":{"start":{"line":8,"column":8},"end":{"line":8,"column":36}},"5":{"start":{"line":12,"column":8},"end":{"line":12,"column":38}},"6":{"start":{"line":13,"column":8},"end":{"line":13,"column":38}},"7":{"start":{"line":17,"column":8},"end":{"line":17,"column":52}},"8":{"start":{"line":18,"column":8},"end":{"line":18,"column":44}},"9":{"start":{"line":22,"column":8},"end":{"line":22,"column":51}},"10":{"start":{"line":23,"column":8},"end":{"line":23,"column":45}},"11":{"start":{"line":27,"column":0},"end":{"line":27,"column":32}}},"fnMap":{"0":{"name":"(anonymous_0)","decl":{"start":{"line":5,"column":4},"end":{"line":5,"column":5}},"loc":{"start":{"line":5,"column":20},"end":{"line":9,"column":5}},"line":5},"1":{"name":"(anonymous_1)","decl":{"start":{"line":11,"column":4},"end":{"line":11,"column":5}},"loc":{"start":{"line":11,"column":19},"end":{"line":14,"column":5}},"line":11},"2":{"name":"(anonymous_2)","decl":{"start":{"line":16,"column":4},"end":{"line":16,"column":5}},"loc":{"start":{"line":16,"column":22},"end":{"line":19,"column":5}},"line":16},"3":{"name":"(anonymous_3)","decl":{"start":{"line":21,"column":4},"end":{"line":21,"column":5}},"loc":{"start":{"line":21,"column":24},"end":{"line":24,"column":5}},"line":21}},"branchMap":{},"s":{"0":2,"1":2,"2":0,"3":0,"4":0,"5":0,"6":0,"7":0,"8":0,"9":0,"10":0,"11":2},"f":{"0":0,"1":0,"2":0,"3":0},"b":{},"_coverageSchema":"1a1c01bbd47fc00a2c39e90264f33305004495a9","hash":"8213f7d7ca61db29f9f572c717d3264b1f267825"}
,"C:\\Users\\USUARIO\\Documents\\TdeA\\Electiva 2\\FlashDate\\src\\infrastructure\\persistence\\model\\UserModel.js": {"path":"C:\\Users\\USUARIO\\Documents\\TdeA\\Electiva 2\\FlashDate\\src\\infrastructure\\persistence\\model\\UserModel.js","statementMap":{"0":{"start":{"line":1,"column":17},"end":{"line":1,"column":36}},"1":{"start":{"line":3,"column":19},"end":{"line":26,"column":24}},"2":{"start":{"line":28,"column":0},"end":{"line":28,"column":52}}},"fnMap":{},"branchMap":{},"s":{"0":2,"1":2,"2":2},"f":{},"b":{},"_coverageSchema":"1a1c01bbd47fc00a2c39e90264f33305004495a9","hash":"152b791cc3eaa129aa05af5e1f2a5b41d6384929"}
}
