{"C:\\Users\\Andrés\\OneDrive\\Escritorio\\Node\\Electiva2_FlashDate_DynamicDuo\\src\\application\\services\\AuthService.js": {"path":"C:\\Users\\Andrés\\OneDrive\\Escritorio\\Node\\Electiva2_FlashDate_DynamicDuo\\src\\application\\services\\AuthService.js","statementMap":{"0":{"start":{"line":1,"column":15},"end":{"line":1,"column":34}},"1":{"start":{"line":2,"column":12},"end":{"line":2,"column":35}},"2":{"start":{"line":6,"column":8},"end":{"line":6,"column":45}},"3":{"start":{"line":10,"column":26},"end":{"line":10,"column":70}},"4":{"start":{"line":11,"column":8},"end":{"line":13,"column":9}},"5":{"start":{"line":12,"column":12},"end":{"line":12,"column":46}},"6":{"start":{"line":15,"column":24},"end":{"line":15,"column":74}},"7":{"start":{"line":16,"column":8},"end":{"line":18,"column":9}},"8":{"start":{"line":17,"column":12},"end":{"line":17,"column":51}},"9":{"start":{"line":20,"column":22},"end":{"line":24,"column":9}},"10":{"start":{"line":26,"column":8},"end":{"line":34,"column":10}},"11":{"start":{"line":38,"column":0},"end":{"line":38,"column":29}}},"fnMap":{"0":{"name":"(anonymous_0)","decl":{"start":{"line":5,"column":4},"end":{"line":5,"column":5}},"loc":{"start":{"line":5,"column":31},"end":{"line":7,"column":5}},"line":5},"1":{"name":"(anonymous_1)","decl":{"start":{"line":9,"column":4},"end":{"line":9,"column":5}},"loc":{"start":{"line":9,"column":32},"end":{"line":35,"column":5}},"line":9}},"branchMap":{"0":{"loc":{"start":{"line":11,"column":8},"end":{"line":13,"column":9}},"type":"if","locations":[{"start":{"line":11,"column":8},"end":{"line":13,"column":9}},{"start":{},"end":{}}],"line":11},"1":{"loc":{"start":{"line":16,"column":8},"end":{"line":18,"column":9}},"type":"if","locations":[{"start":{"line":16,"column":8},"end":{"line":18,"column":9}},{"start":{},"end":{}}],"line":16}},"s":{"0":1,"1":1,"2":1,"3":2,"4":2,"5":0,"6":2,"7":2,"8":1,"9":1,"10":1,"11":1},"f":{"0":1,"1":2},"b":{"0":[0,2],"1":[1,1]},"_coverageSchema":"1a1c01bbd47fc00a2c39e90264f33305004495a9","hash":"15b98969d1117bca522bcc4787a23e6ab16c2974"}
,"C:\\Users\\Andrés\\OneDrive\\Escritorio\\Node\\Electiva2_FlashDate_DynamicDuo\\src\\application\\services\\MessageService.js": {"path":"C:\\Users\\Andrés\\OneDrive\\Escritorio\\Node\\Electiva2_FlashDate_DynamicDuo\\src\\application\\services\\MessageService.js","statementMap":{"0":{"start":{"line":3,"column":8},"end":{"line":3,"column":51}},"1":{"start":{"line":7,"column":8},"end":{"line":7,"column":62}},"2":{"start":{"line":11,"column":8},"end":{"line":11,"column":70}},"3":{"start":{"line":15,"column":0},"end":{"line":15,"column":32}}},"fnMap":{"0":{"name":"(anonymous_0)","decl":{"start":{"line":2,"column":4},"end":{"line":2,"column":5}},"loc":{"start":{"line":2,"column":35},"end":{"line":4,"column":5}},"line":2},"1":{"name":"(anonymous_1)","decl":{"start":{"line":6,"column":4},"end":{"line":6,"column":5}},"loc":{"start":{"line":6,"column":28},"end":{"line":8,"column":5}},"line":6},"2":{"name":"(anonymous_2)","decl":{"start":{"line":10,"column":4},"end":{"line":10,"column":5}},"loc":{"start":{"line":10,"column":30},"end":{"line":12,"column":5}},"line":10}},"branchMap":{},"s":{"0":1,"1":1,"2":1,"3":1},"f":{"0":1,"1":1,"2":1},"b":{},"_coverageSchema":"1a1c01bbd47fc00a2c39e90264f33305004495a9","hash":"2d126b2c180ccd61c978c19207bc14c7095c1894"}
,"C:\\Users\\Andrés\\OneDrive\\Escritorio\\Node\\Electiva2_FlashDate_DynamicDuo\\src\\application\\services\\SwipeService.js": {"path":"C:\\Users\\Andrés\\OneDrive\\Escritorio\\Node\\Electiva2_FlashDate_DynamicDuo\\src\\application\\services\\SwipeService.js","statementMap":{"0":{"start":{"line":3,"column":8},"end":{"line":3,"column":47}},"1":{"start":{"line":4,"column":8},"end":{"line":4,"column":47}},"2":{"start":{"line":5,"column":8},"end":{"line":5,"column":21}},"3":{"start":{"line":9,"column":8},"end":{"line":9,"column":79}},"4":{"start":{"line":11,"column":8},"end":{"line":21,"column":9}},"5":{"start":{"line":12,"column":29},"end":{"line":12,"column":94}},"6":{"start":{"line":13,"column":12},"end":{"line":20,"column":13}},"7":{"start":{"line":14,"column":30},"end":{"line":14,"column":90}},"8":{"start":{"line":16,"column":16},"end":{"line":16,"column":63}},"9":{"start":{"line":17,"column":16},"end":{"line":17,"column":69}},"10":{"start":{"line":19,"column":16},"end":{"line":19,"column":59}},"11":{"start":{"line":23,"column":8},"end":{"line":23,"column":32}},"12":{"start":{"line":27,"column":8},"end":{"line":27,"column":67}},"13":{"start":{"line":31,"column":0},"end":{"line":31,"column":30}}},"fnMap":{"0":{"name":"(anonymous_0)","decl":{"start":{"line":2,"column":4},"end":{"line":2,"column":5}},"loc":{"start":{"line":2,"column":54},"end":{"line":6,"column":5}},"line":2},"1":{"name":"(anonymous_1)","decl":{"start":{"line":8,"column":4},"end":{"line":8,"column":5}},"loc":{"start":{"line":8,"column":52},"end":{"line":24,"column":5}},"line":8},"2":{"name":"(anonymous_2)","decl":{"start":{"line":26,"column":4},"end":{"line":26,"column":5}},"loc":{"start":{"line":26,"column":29},"end":{"line":28,"column":5}},"line":26}},"branchMap":{"0":{"loc":{"start":{"line":11,"column":8},"end":{"line":21,"column":9}},"type":"if","locations":[{"start":{"line":11,"column":8},"end":{"line":21,"column":9}},{"start":{},"end":{}}],"line":11},"1":{"loc":{"start":{"line":13,"column":12},"end":{"line":20,"column":13}},"type":"if","locations":[{"start":{"line":13,"column":12},"end":{"line":20,"column":13}},{"start":{},"end":{}}],"line":13}},"s":{"0":1,"1":1,"2":1,"3":3,"4":3,"5":2,"6":2,"7":1,"8":1,"9":1,"10":1,"11":2,"12":0,"13":1},"f":{"0":1,"1":3,"2":0},"b":{"0":[2,1],"1":[1,1]},"_coverageSchema":"1a1c01bbd47fc00a2c39e90264f33305004495a9","hash":"db1bd04d8600409e895792f6571e24fff04b2ed7"}
,"C:\\Users\\Andrés\\OneDrive\\Escritorio\\Node\\Electiva2_FlashDate_DynamicDuo\\src\\application\\services\\UserService.js": {"path":"C:\\Users\\Andrés\\OneDrive\\Escritorio\\Node\\Electiva2_FlashDate_DynamicDuo\\src\\application\\services\\UserService.js","statementMap":{"0":{"start":{"line":1,"column":23},"end":{"line":1,"column":81}},"1":{"start":{"line":2,"column":15},"end":{"line":2,"column":34}},"2":{"start":{"line":6,"column":8},"end":{"line":6,"column":45}},"3":{"start":{"line":10,"column":31},"end":{"line":10,"column":71}},"4":{"start":{"line":11,"column":8},"end":{"line":11,"column":43}},"5":{"start":{"line":13,"column":8},"end":{"line":13,"column":56}},"6":{"start":{"line":17,"column":8},"end":{"line":17,"column":54}},"7":{"start":{"line":21,"column":8},"end":{"line":21,"column":51}},"8":{"start":{"line":25,"column":8},"end":{"line":25,"column":54}},"9":{"start":{"line":29,"column":0},"end":{"line":29,"column":29}}},"fnMap":{"0":{"name":"(anonymous_0)","decl":{"start":{"line":5,"column":4},"end":{"line":5,"column":5}},"loc":{"start":{"line":5,"column":32},"end":{"line":7,"column":5}},"line":5},"1":{"name":"(anonymous_1)","decl":{"start":{"line":9,"column":4},"end":{"line":9,"column":5}},"loc":{"start":{"line":9,"column":33},"end":{"line":14,"column":5}},"line":9},"2":{"name":"(anonymous_2)","decl":{"start":{"line":16,"column":4},"end":{"line":16,"column":5}},"loc":{"start":{"line":16,"column":22},"end":{"line":18,"column":5}},"line":16},"3":{"name":"(anonymous_3)","decl":{"start":{"line":20,"column":4},"end":{"line":20,"column":5}},"loc":{"start":{"line":20,"column":23},"end":{"line":22,"column":5}},"line":20},"4":{"name":"(anonymous_4)","decl":{"start":{"line":24,"column":4},"end":{"line":24,"column":5}},"loc":{"start":{"line":24,"column":24},"end":{"line":26,"column":5}},"line":24}},"branchMap":{},"s":{"0":2,"1":2,"2":2,"3":1,"4":1,"5":1,"6":0,"7":0,"8":0,"9":2},"f":{"0":2,"1":1,"2":0,"3":0,"4":0},"b":{},"_coverageSchema":"1a1c01bbd47fc00a2c39e90264f33305004495a9","hash":"07781b7eb9d8741c7af127f95829e77cdd6857d0"}
,"C:\\Users\\Andrés\\OneDrive\\Escritorio\\Node\\Electiva2_FlashDate_DynamicDuo\\src\\domain\\repositories\\IUserRepoitory.js": {"path":"C:\\Users\\Andrés\\OneDrive\\Escritorio\\Node\\Electiva2_FlashDate_DynamicDuo\\src\\domain\\repositories\\IUserRepoitory.js","statementMap":{"0":{"start":{"line":3,"column":8},"end":{"line":3,"column":57}},"1":{"start":{"line":7,"column":8},"end":{"line":7,"column":59}},"2":{"start":{"line":11,"column":8},"end":{"line":11,"column":61}},"3":{"start":{"line":15,"column":8},"end":{"line":15,"column":63}},"4":{"start":{"line":19,"column":0},"end":{"line":19,"column":33}}},"fnMap":{"0":{"name":"(anonymous_0)","decl":{"start":{"line":2,"column":4},"end":{"line":2,"column":5}},"loc":{"start":{"line":2,"column":21},"end":{"line":4,"column":5}},"line":2},"1":{"name":"(anonymous_1)","decl":{"start":{"line":6,"column":4},"end":{"line":6,"column":5}},"loc":{"start":{"line":6,"column":19},"end":{"line":8,"column":5}},"line":6},"2":{"name":"(anonymous_2)","decl":{"start":{"line":10,"column":4},"end":{"line":10,"column":5}},"loc":{"start":{"line":10,"column":23},"end":{"line":12,"column":5}},"line":10},"3":{"name":"(anonymous_3)","decl":{"start":{"line":14,"column":4},"end":{"line":14,"column":5}},"loc":{"start":{"line":14,"column":25},"end":{"line":16,"column":5}},"line":14}},"branchMap":{},"s":{"0":0,"1":0,"2":0,"3":0,"4":2},"f":{"0":0,"1":0,"2":0,"3":0},"b":{},"_coverageSchema":"1a1c01bbd47fc00a2c39e90264f33305004495a9","hash":"8728e6c4c59bb0e76e0374f76ebf0ef5b8b845a6"}
,"C:\\Users\\Andrés\\OneDrive\\Escritorio\\Node\\Electiva2_FlashDate_DynamicDuo\\src\\infrastructure\\http\\controllers\\UserController.js": {"path":"C:\\Users\\Andrés\\OneDrive\\Escritorio\\Node\\Electiva2_FlashDate_DynamicDuo\\src\\infrastructure\\http\\controllers\\UserController.js","statementMap":{"0":{"start":{"line":1,"column":17},"end":{"line":1,"column":39}},"1":{"start":{"line":5,"column":8},"end":{"line":5,"column":39}},"2":{"start":{"line":9,"column":8},"end":{"line":15,"column":9}},"3":{"start":{"line":10,"column":29},"end":{"line":10,"column":37}},"4":{"start":{"line":11,"column":25},"end":{"line":11,"column":70}},"5":{"start":{"line":12,"column":12},"end":{"line":12,"column":39}},"6":{"start":{"line":14,"column":12},"end":{"line":14,"column":59}},"7":{"start":{"line":19,"column":8},"end":{"line":24,"column":9}},"8":{"start":{"line":20,"column":26},"end":{"line":20,"column":62}},"9":{"start":{"line":21,"column":12},"end":{"line":21,"column":28}},"10":{"start":{"line":23,"column":12},"end":{"line":23,"column":58}},"11":{"start":{"line":28,"column":8},"end":{"line":34,"column":9}},"12":{"start":{"line":29,"column":25},"end":{"line":29,"column":70}},"13":{"start":{"line":30,"column":12},"end":{"line":30,"column":79}},"14":{"start":{"line":30,"column":22},"end":{"line":30,"column":79}},"15":{"start":{"line":31,"column":12},"end":{"line":31,"column":27}},"16":{"start":{"line":33,"column":12},"end":{"line":33,"column":57}},"17":{"start":{"line":38,"column":8},"end":{"line":44,"column":9}},"18":{"start":{"line":39,"column":32},"end":{"line":39,"column":80}},"19":{"start":{"line":40,"column":12},"end":{"line":40,"column":86}},"20":{"start":{"line":40,"column":29},"end":{"line":40,"column":86}},"21":{"start":{"line":41,"column":12},"end":{"line":41,"column":61}},"22":{"start":{"line":43,"column":12},"end":{"line":43,"column":57}},"23":{"start":{"line":48,"column":0},"end":{"line":48,"column":32}}},"fnMap":{"0":{"name":"(anonymous_0)","decl":{"start":{"line":4,"column":4},"end":{"line":4,"column":5}},"loc":{"start":{"line":4,"column":28},"end":{"line":6,"column":5}},"line":4},"1":{"name":"(anonymous_1)","decl":{"start":{"line":8,"column":4},"end":{"line":8,"column":5}},"loc":{"start":{"line":8,"column":29},"end":{"line":16,"column":5}},"line":8},"2":{"name":"(anonymous_2)","decl":{"start":{"line":18,"column":4},"end":{"line":18,"column":5}},"loc":{"start":{"line":18,"column":26},"end":{"line":25,"column":5}},"line":18},"3":{"name":"(anonymous_3)","decl":{"start":{"line":27,"column":4},"end":{"line":27,"column":5}},"loc":{"start":{"line":27,"column":31},"end":{"line":35,"column":5}},"line":27},"4":{"name":"(anonymous_4)","decl":{"start":{"line":37,"column":4},"end":{"line":37,"column":5}},"loc":{"start":{"line":37,"column":30},"end":{"line":45,"column":5}},"line":37}},"branchMap":{"0":{"loc":{"start":{"line":30,"column":12},"end":{"line":30,"column":79}},"type":"if","locations":[{"start":{"line":30,"column":12},"end":{"line":30,"column":79}},{"start":{},"end":{}}],"line":30},"1":{"loc":{"start":{"line":40,"column":12},"end":{"line":40,"column":86}},"type":"if","locations":[{"start":{"line":40,"column":12},"end":{"line":40,"column":86}},{"start":{},"end":{}}],"line":40}},"s":{"0":1,"1":1,"2":0,"3":0,"4":0,"5":0,"6":0,"7":0,"8":0,"9":0,"10":0,"11":0,"12":0,"13":0,"14":0,"15":0,"16":0,"17":0,"18":0,"19":0,"20":0,"21":0,"22":0,"23":1},"f":{"0":1,"1":0,"2":0,"3":0,"4":0},"b":{"0":[0,0],"1":[0,0]},"_coverageSchema":"1a1c01bbd47fc00a2c39e90264f33305004495a9","hash":"fc991681e4ce372cc48a8bd1a82badf8d9e14e28"}
,"C:\\Users\\Andrés\\OneDrive\\Escritorio\\Node\\Electiva2_FlashDate_DynamicDuo\\src\\infrastructure\\http\\middleware\\rulesMiddleware.js": {"path":"C:\\Users\\Andrés\\OneDrive\\Escritorio\\Node\\Electiva2_FlashDate_DynamicDuo\\src\\infrastructure\\http\\middleware\\rulesMiddleware.js","statementMap":{"0":{"start":{"line":1,"column":31},"end":{"line":1,"column":59}},"1":{"start":{"line":2,"column":29},"end":{"line":2,"column":57}},"2":{"start":{"line":4,"column":21},"end":{"line":6,"column":1}},"3":{"start":{"line":8,"column":24},"end":{"line":12,"column":1}},"4":{"start":{"line":14,"column":25},"end":{"line":16,"column":1}},"5":{"start":{"line":18,"column":24},"end":{"line":20,"column":1}},"6":{"start":{"line":22,"column":19},"end":{"line":25,"column":1}},"7":{"start":{"line":27,"column":22},"end":{"line":31,"column":1}},"8":{"start":{"line":33,"column":16},"end":{"line":42,"column":1}},"9":{"start":{"line":34,"column":19},"end":{"line":34,"column":40}},"10":{"start":{"line":35,"column":4},"end":{"line":41,"column":5}},"11":{"start":{"line":36,"column":8},"end":{"line":38,"column":10}},"12":{"start":{"line":40,"column":8},"end":{"line":40,"column":15}},"13":{"start":{"line":44,"column":28},"end":{"line":46,"column":1}},"14":{"start":{"line":48,"column":20},"end":{"line":50,"column":1}},"15":{"start":{"line":52,"column":25},"end":{"line":54,"column":3}},"16":{"start":{"line":56,"column":0},"end":{"line":65,"column":35}}},"fnMap":{"0":{"name":"(anonymous_0)","decl":{"start":{"line":33,"column":16},"end":{"line":33,"column":17}},"loc":{"start":{"line":33,"column":36},"end":{"line":42,"column":1}},"line":33}},"branchMap":{"0":{"loc":{"start":{"line":35,"column":4},"end":{"line":41,"column":5}},"type":"if","locations":[{"start":{"line":35,"column":4},"end":{"line":41,"column":5}},{"start":{"line":39,"column":10},"end":{"line":41,"column":5}}],"line":35}},"s":{"0":1,"1":1,"2":1,"3":1,"4":1,"5":1,"6":1,"7":1,"8":1,"9":1,"10":1,"11":1,"12":0,"13":1,"14":1,"15":1,"16":1},"f":{"0":1},"b":{"0":[1,0]},"_coverageSchema":"1a1c01bbd47fc00a2c39e90264f33305004495a9","hash":"3827a1570dbf85cbe8361e0c53d3c063fcd7b342"}
,"C:\\Users\\Andrés\\OneDrive\\Escritorio\\Node\\Electiva2_FlashDate_DynamicDuo\\src\\infrastructure\\http\\middleware\\uploadMiddleware.js": {"path":"C:\\Users\\Andrés\\OneDrive\\Escritorio\\Node\\Electiva2_FlashDate_DynamicDuo\\src\\infrastructure\\http\\middleware\\uploadMiddleware.js","statementMap":{"0":{"start":{"line":1,"column":15},"end":{"line":1,"column":32}},"1":{"start":{"line":2,"column":13},"end":{"line":2,"column":28}},"2":{"start":{"line":5,"column":16},"end":{"line":14,"column":2}},"3":{"start":{"line":7,"column":4},"end":{"line":7,"column":25}},"4":{"start":{"line":10,"column":25},"end":{"line":10,"column":75}},"5":{"start":{"line":11,"column":16},"end":{"line":11,"column":47}},"6":{"start":{"line":12,"column":4},"end":{"line":12,"column":56}},"7":{"start":{"line":16,"column":15},"end":{"line":16,"column":34}},"8":{"start":{"line":18,"column":0},"end":{"line":18,"column":24}}},"fnMap":{"0":{"name":"(anonymous_0)","decl":{"start":{"line":6,"column":15},"end":{"line":6,"column":16}},"loc":{"start":{"line":6,"column":40},"end":{"line":8,"column":3}},"line":6},"1":{"name":"(anonymous_1)","decl":{"start":{"line":9,"column":12},"end":{"line":9,"column":13}},"loc":{"start":{"line":9,"column":37},"end":{"line":13,"column":3}},"line":9}},"branchMap":{},"s":{"0":1,"1":1,"2":1,"3":0,"4":0,"5":0,"6":0,"7":1,"8":1},"f":{"0":0,"1":0},"b":{},"_coverageSchema":"1a1c01bbd47fc00a2c39e90264f33305004495a9","hash":"b52d03ae730ec5b33f816f7623ff14e6cba374ba"}
,"C:\\Users\\Andrés\\OneDrive\\Escritorio\\Node\\Electiva2_FlashDate_DynamicDuo\\src\\infrastructure\\http\\routes\\UserRoutes.js": {"path":"C:\\Users\\Andrés\\OneDrive\\Escritorio\\Node\\Electiva2_FlashDate_DynamicDuo\\src\\infrastructure\\http\\routes\\UserRoutes.js","statementMap":{"0":{"start":{"line":81,"column":16},"end":{"line":81,"column":34}},"1":{"start":{"line":82,"column":15},"end":{"line":82,"column":31}},"2":{"start":{"line":83,"column":23},"end":{"line":83,"column":63}},"3":{"start":{"line":84,"column":23},"end":{"line":84,"column":66}},"4":{"start":{"line":85,"column":20},"end":{"line":85,"column":72}},"5":{"start":{"line":86,"column":67},"end":{"line":86,"column":107}},"6":{"start":{"line":88,"column":11},"end":{"line":88,"column":13}},"7":{"start":{"line":89,"column":23},"end":{"line":89,"column":45}},"8":{"start":{"line":90,"column":20},"end":{"line":90,"column":51}},"9":{"start":{"line":91,"column":23},"end":{"line":91,"column":54}},"10":{"start":{"line":93,"column":15},"end":{"line":93,"column":56}},"11":{"start":{"line":95,"column":0},"end":{"line":95,"column":98}},"12":{"start":{"line":95,"column":63},"end":{"line":95,"column":96}},"13":{"start":{"line":96,"column":0},"end":{"line":96,"column":63}},"14":{"start":{"line":96,"column":30},"end":{"line":96,"column":61}},"15":{"start":{"line":97,"column":0},"end":{"line":97,"column":84}},"16":{"start":{"line":97,"column":46},"end":{"line":97,"column":82}},"17":{"start":{"line":98,"column":0},"end":{"line":98,"column":110}},"18":{"start":{"line":98,"column":73},"end":{"line":98,"column":108}},"19":{"start":{"line":100,"column":0},"end":{"line":100,"column":24}}},"fnMap":{"0":{"name":"(anonymous_0)","decl":{"start":{"line":95,"column":49},"end":{"line":95,"column":50}},"loc":{"start":{"line":95,"column":63},"end":{"line":95,"column":96}},"line":95},"1":{"name":"(anonymous_1)","decl":{"start":{"line":96,"column":16},"end":{"line":96,"column":17}},"loc":{"start":{"line":96,"column":30},"end":{"line":96,"column":61}},"line":96},"2":{"name":"(anonymous_2)","decl":{"start":{"line":97,"column":32},"end":{"line":97,"column":33}},"loc":{"start":{"line":97,"column":46},"end":{"line":97,"column":82}},"line":97},"3":{"name":"(anonymous_3)","decl":{"start":{"line":98,"column":59},"end":{"line":98,"column":60}},"loc":{"start":{"line":98,"column":73},"end":{"line":98,"column":108}},"line":98}},"branchMap":{},"s":{"0":1,"1":1,"2":1,"3":1,"4":1,"5":1,"6":1,"7":1,"8":1,"9":1,"10":1,"11":1,"12":0,"13":1,"14":0,"15":1,"16":0,"17":1,"18":0,"19":1},"f":{"0":0,"1":0,"2":0,"3":0},"b":{},"_coverageSchema":"1a1c01bbd47fc00a2c39e90264f33305004495a9","hash":"49e28119e59fe8ec385ee4c5502fdd8ef774c00f"}
,"C:\\Users\\Andrés\\OneDrive\\Escritorio\\Node\\Electiva2_FlashDate_DynamicDuo\\src\\infrastructure\\persistence\\UserRepository.js": {"path":"C:\\Users\\Andrés\\OneDrive\\Escritorio\\Node\\Electiva2_FlashDate_DynamicDuo\\src\\infrastructure\\persistence\\UserRepository.js","statementMap":{"0":{"start":{"line":1,"column":24},"end":{"line":1,"column":75}},"1":{"start":{"line":2,"column":18},"end":{"line":2,"column":46}},"2":{"start":{"line":6,"column":8},"end":{"line":6,"column":52}},"3":{"start":{"line":7,"column":24},"end":{"line":7,"column":43}},"4":{"start":{"line":8,"column":8},"end":{"line":8,"column":36}},"5":{"start":{"line":12,"column":8},"end":{"line":12,"column":38}},"6":{"start":{"line":13,"column":8},"end":{"line":13,"column":38}},"7":{"start":{"line":17,"column":8},"end":{"line":17,"column":52}},"8":{"start":{"line":18,"column":8},"end":{"line":18,"column":44}},"9":{"start":{"line":22,"column":8},"end":{"line":22,"column":51}},"10":{"start":{"line":23,"column":8},"end":{"line":23,"column":45}},"11":{"start":{"line":27,"column":0},"end":{"line":27,"column":32}}},"fnMap":{"0":{"name":"(anonymous_0)","decl":{"start":{"line":5,"column":4},"end":{"line":5,"column":5}},"loc":{"start":{"line":5,"column":20},"end":{"line":9,"column":5}},"line":5},"1":{"name":"(anonymous_1)","decl":{"start":{"line":11,"column":4},"end":{"line":11,"column":5}},"loc":{"start":{"line":11,"column":19},"end":{"line":14,"column":5}},"line":11},"2":{"name":"(anonymous_2)","decl":{"start":{"line":16,"column":4},"end":{"line":16,"column":5}},"loc":{"start":{"line":16,"column":22},"end":{"line":19,"column":5}},"line":16},"3":{"name":"(anonymous_3)","decl":{"start":{"line":21,"column":4},"end":{"line":21,"column":5}},"loc":{"start":{"line":21,"column":24},"end":{"line":24,"column":5}},"line":21}},"branchMap":{},"s":{"0":2,"1":2,"2":0,"3":0,"4":0,"5":0,"6":0,"7":0,"8":0,"9":0,"10":0,"11":2},"f":{"0":0,"1":0,"2":0,"3":0},"b":{},"_coverageSchema":"1a1c01bbd47fc00a2c39e90264f33305004495a9","hash":"c7dda4523a311f67460dfb0e050d7c1b8707b11b"}
,"C:\\Users\\Andrés\\OneDrive\\Escritorio\\Node\\Electiva2_FlashDate_DynamicDuo\\src\\infrastructure\\persistence\\model\\UserModel.js": {"path":"C:\\Users\\Andrés\\OneDrive\\Escritorio\\Node\\Electiva2_FlashDate_DynamicDuo\\src\\infrastructure\\persistence\\model\\UserModel.js","statementMap":{"0":{"start":{"line":1,"column":17},"end":{"line":1,"column":36}},"1":{"start":{"line":3,"column":19},"end":{"line":27,"column":24}},"2":{"start":{"line":29,"column":0},"end":{"line":29,"column":52}}},"fnMap":{},"branchMap":{},"s":{"0":2,"1":2,"2":2},"f":{},"b":{},"_coverageSchema":"1a1c01bbd47fc00a2c39e90264f33305004495a9","hash":"a3c74a44fb51b8b09b8ce134ca70ec112151dee9"}
}
