TN:
SF:src\application\services\AuthService.js
FN:5,(anonymous_0)
FN:9,(anonymous_1)
FNF:2
FNH:2
FNDA:1,(anonymous_0)
FNDA:2,(anonymous_1)
DA:1,1
DA:2,1
DA:6,1
DA:10,2
DA:11,2
DA:12,0
DA:15,2
DA:16,2
DA:17,1
DA:20,1
DA:26,1
DA:38,1
LF:12
LH:11
BRDA:11,0,0,0
BRDA:11,0,1,2
BRDA:16,1,0,1
BRDA:16,1,1,1
BRF:4
BRH:3
end_of_record
TN:
SF:src\application\services\MessageService.js
FN:2,(anonymous_0)
FN:6,(anonymous_1)
FN:10,(anonymous_2)
FNF:3
FNH:3
FNDA:1,(anonymous_0)
FNDA:1,(anonymous_1)
FNDA:1,(anonymous_2)
DA:3,1
DA:7,1
DA:11,1
DA:15,1
LF:4
LH:4
BRF:0
BRH:0
end_of_record
TN:
SF:src\application\services\SwipeService.js
FN:2,(anonymous_0)
FN:8,(anonymous_1)
FN:26,(anonymous_2)
FNF:3
FNH:2
FNDA:1,(anonymous_0)
FNDA:3,(anonymous_1)
FNDA:0,(anonymous_2)
DA:3,1
DA:4,1
DA:5,1
DA:9,3
DA:11,3
DA:12,2
DA:13,2
DA:14,1
DA:16,1
DA:17,1
DA:19,1
DA:23,2
DA:27,0
DA:31,1
LF:14
LH:13
BRDA:11,0,0,2
BRDA:11,0,1,1
BRDA:13,1,0,1
BRDA:13,1,1,1
BRF:4
BRH:4
end_of_record
TN:
SF:src\application\services\UserService.js
FN:5,(anonymous_0)
FN:9,(anonymous_1)
FN:16,(anonymous_2)
FN:20,(anonymous_3)
FN:24,(anonymous_4)
FNF:5
FNH:2
FNDA:2,(anonymous_0)
FNDA:1,(anonymous_1)
FNDA:0,(anonymous_2)
FNDA:0,(anonymous_3)
FNDA:0,(anonymous_4)
DA:1,2
DA:2,2
DA:6,2
DA:10,1
DA:11,1
DA:13,1
DA:17,0
DA:21,0
DA:25,0
DA:29,2
LF:10
LH:7
BRF:0
BRH:0
end_of_record
TN:
SF:src\domain\repositories\IUserRepoitory.js
FN:2,(anonymous_0)
FN:6,(anonymous_1)
FN:10,(anonymous_2)
FN:14,(anonymous_3)
FNF:4
FNH:0
FNDA:0,(anonymous_0)
FNDA:0,(anonymous_1)
FNDA:0,(anonymous_2)
FNDA:0,(anonymous_3)
DA:3,0
DA:7,0
DA:11,0
DA:15,0
DA:19,2
LF:5
LH:1
BRF:0
BRH:0
end_of_record
TN:
SF:src\infrastructure\http\controllers\UserController.js
FN:4,(anonymous_0)
FN:8,(anonymous_1)
FN:18,(anonymous_2)
FN:27,(anonymous_3)
FN:37,(anonymous_4)
FNF:5
FNH:1
FNDA:1,(anonymous_0)
FNDA:0,(anonymous_1)
FNDA:0,(anonymous_2)
FNDA:0,(anonymous_3)
FNDA:0,(anonymous_4)
DA:1,1
DA:5,1
DA:9,0
DA:10,0
DA:11,0
DA:12,0
DA:14,0
DA:19,0
DA:20,0
DA:21,0
DA:23,0
DA:28,0
DA:29,0
DA:30,0
DA:31,0
DA:33,0
DA:38,0
DA:39,0
DA:40,0
DA:41,0
DA:43,0
DA:48,1
LF:22
LH:3
BRDA:30,0,0,0
BRDA:30,0,1,0
BRDA:40,1,0,0
BRDA:40,1,1,0
BRF:4
BRH:0
end_of_record
TN:
SF:src\infrastructure\http\middleware\rulesMiddleware.js
FN:33,(anonymous_0)
FNF:1
FNH:1
FNDA:1,(anonymous_0)
DA:1,1
DA:2,1
DA:4,1
DA:8,1
DA:14,1
DA:18,1
DA:22,1
DA:27,1
DA:33,1
DA:34,1
DA:35,1
DA:36,1
DA:40,0
DA:44,1
DA:48,1
DA:52,1
DA:56,1
LF:17
LH:16
BRDA:35,0,0,1
BRDA:35,0,1,0
BRF:2
BRH:1
end_of_record
TN:
SF:src\infrastructure\http\middleware\uploadMiddleware.js
FN:6,(anonymous_0)
FN:9,(anonymous_1)
FNF:2
FNH:0
FNDA:0,(anonymous_0)
FNDA:0,(anonymous_1)
DA:1,1
DA:2,1
DA:5,1
DA:7,0
DA:10,0
DA:11,0
DA:12,0
DA:16,1
DA:18,1
LF:9
LH:5
BRF:0
BRH:0
end_of_record
TN:
SF:src\infrastructure\http\routes\UserRoutes.js
FN:95,(anonymous_0)
FN:96,(anonymous_1)
FN:97,(anonymous_2)
FN:98,(anonymous_3)
FNF:4
FNH:0
FNDA:0,(anonymous_0)
FNDA:0,(anonymous_1)
FNDA:0,(anonymous_2)
FNDA:0,(anonymous_3)
DA:81,1
DA:82,1
DA:83,1
DA:84,1
DA:85,1
DA:86,1
DA:88,1
DA:89,1
DA:90,1
DA:91,1
DA:93,1
DA:95,1
DA:96,1
DA:97,1
DA:98,1
DA:100,1
LF:16
LH:16
BRF:0
BRH:0
end_of_record
TN:
SF:src\infrastructure\persistence\UserRepository.js
FN:5,(anonymous_0)
FN:11,(anonymous_1)
FN:16,(anonymous_2)
FN:21,(anonymous_3)
FNF:4
FNH:0
FNDA:0,(anonymous_0)
FNDA:0,(anonymous_1)
FNDA:0,(anonymous_2)
FNDA:0,(anonymous_3)
DA:1,2
DA:2,2
DA:6,0
DA:7,0
DA:8,0
DA:12,0
DA:13,0
DA:17,0
DA:18,0
DA:22,0
DA:23,0
DA:27,2
LF:12
LH:3
BRF:0
BRH:0
end_of_record
TN:
SF:src\infrastructure\persistence\model\UserModel.js
FNF:0
FNH:0
DA:1,2
DA:3,2
DA:29,2
LF:3
LH:3
BRF:0
BRH:0
end_of_record
